S4
/data/data2/meta_accumulate/ploran2007_exp2_mni/S4
Thu Dec 27 17:35:05 EST 2012
Getifh: /usr/local/pkg/nil-tools/bin/MNI152_T1_1mm.4dfp.ifh read error
Getifh: /usr/local/pkg/nil-tools/bin/MNI152_T1_1mm.4dfp.ifh read error
Getifh: /usr/local/pkg/nil-tools/bin/MNI152_T1_1mm.4dfp.ifh read error
Thu Dec 27 17:45:28 EST 2012
S5
/data/data2/meta_accumulate/ploran2007_exp2_mni/S5
Thu Dec 27 17:45:28 EST 2012
Getifh: /usr/local/pkg/nil-tools/bin/MNI152_T1_1mm.4dfp.ifh read error
Getifh: /usr/local/pkg/nil-tools/bin/MNI152_T1_1mm.4dfp.ifh read error
Getifh: /usr/local/pkg/nil-tools/bin/MNI152_T1_1mm.4dfp.ifh read error
Thu Dec 27 17:56:34 EST 2012
S7
/data/data2/meta_accumulate/ploran2007_exp2_mni/S7
Thu Dec 27 17:56:34 EST 2012
Getifh: /usr/local/pkg/nil-tools/bin/MNI152_T1_1mm.4dfp.ifh read error
Getifh: /usr/local/pkg/nil-tools/bin/MNI152_T1_1mm.4dfp.ifh read error
Getifh: /usr/local/pkg/nil-tools/bin/MNI152_T1_1mm.4dfp.ifh read error
Thu Dec 27 18:07:20 EST 2012
S17
/data/data2/meta_accumulate/ploran2007_exp2_mni/S17
Thu Dec 27 18:07:20 EST 2012
Getifh: /usr/local/pkg/nil-tools/bin/MNI152_T1_1mm.4dfp.ifh read error
Getifh: /usr/local/pkg/nil-tools/bin/MNI152_T1_1mm.4dfp.ifh read error
Getifh: /usr/local/pkg/nil-tools/bin/MNI152_T1_1mm.4dfp.ifh read error
Thu Dec 27 18:18:22 EST 2012
S18
/data/data2/meta_accumulate/ploran2007_exp2_mni/S18
Thu Dec 27 18:18:22 EST 2012
Getifh: /usr/local/pkg/nil-tools/bin/MNI152_T1_1mm.4dfp.ifh read error
Getifh: /usr/local/pkg/nil-tools/bin/MNI152_T1_1mm.4dfp.ifh read error
Getifh: /usr/local/pkg/nil-tools/bin/MNI152_T1_1mm.4dfp.ifh read error
Thu Dec 27 18:29:15 EST 2012
S19x10
/data/data2/meta_accumulate/ploran2007_exp2_mni/S19x10
Thu Dec 27 18:29:15 EST 2012
Badly placed ()'s.
Thu Dec 27 18:29:16 EST 2012
S20
/data/data2/meta_accumulate/ploran2007_exp2_mni/S20
Thu Dec 27 18:29:16 EST 2012
Getifh: /usr/local/pkg/nil-tools/bin/MNI152_T1_1mm.4dfp.ifh read error
Getifh: /usr/local/pkg/nil-tools/bin/MNI152_T1_1mm.4dfp.ifh read error
Getifh: /usr/local/pkg/nil-tools/bin/MNI152_T1_1mm.4dfp.ifh read error
Thu Dec 27 18:40:21 EST 2012
S21
/data/data2/meta_accumulate/ploran2007_exp2_mni/S21
Thu Dec 27 18:40:21 EST 2012
Getifh: /usr/local/pkg/nil-tools/bin/MNI152_T1_1mm.4dfp.ifh read error
Getifh: /usr/local/pkg/nil-tools/bin/MNI152_T1_1mm.4dfp.ifh read error
Getifh: /usr/local/pkg/nil-tools/bin/MNI152_T1_1mm.4dfp.ifh read error
Thu Dec 27 18:51:25 EST 2012
SS22x9_10
/data/data2/meta_accumulate/ploran2007_exp2_mni/S22x9_10
Thu Dec 27 18:51:25 EST 2012
Getifh: /usr/local/pkg/nil-tools/bin/MNI152_T1_1mm.4dfp.ifh read error
Getifh: /usr/local/pkg/nil-tools/bin/MNI152_T1_1mm.4dfp.ifh read error
Getifh: /usr/local/pkg/nil-tools/bin/MNI152_T1_1mm.4dfp.ifh read error
Thu Dec 27 19:00:17 EST 2012
S23x10
/data/data2/meta_accumulate/ploran2007_exp2_mni/S23x10
Thu Dec 27 19:00:17 EST 2012
Thu Dec 27 19:00:18 EST 2012
S25
/data/data2/meta_accumulate/ploran2007_exp2_mni/S25
Thu Dec 27 19:00:18 EST 2012
Getifh: /usr/local/pkg/nil-tools/bin/MNI152_T1_1mm.4dfp.ifh read error
Getifh: /usr/local/pkg/nil-tools/bin/MNI152_T1_1mm.4dfp.ifh read error
Getifh: /usr/local/pkg/nil-tools/bin/MNI152_T1_1mm.4dfp.ifh read error
Thu Dec 27 19:11:13 EST 2012
S26
/data/data2/meta_accumulate/ploran2007_exp2_mni/S26
Thu Dec 27 19:11:13 EST 2012
Getifh: /usr/local/pkg/nil-tools/bin/MNI152_T1_1mm.4dfp.ifh read error
Getifh: /usr/local/pkg/nil-tools/bin/MNI152_T1_1mm.4dfp.ifh read error
Getifh: /usr/local/pkg/nil-tools/bin/MNI152_T1_1mm.4dfp.ifh read error
Thu Dec 27 19:22:23 EST 2012
S30
/data/data2/meta_accumulate/ploran2007_exp2_mni/S30
Thu Dec 27 19:22:23 EST 2012
Getifh: /usr/local/pkg/nil-tools/bin/MNI152_T1_1mm.4dfp.ifh read error
Getifh: /usr/local/pkg/nil-tools/bin/MNI152_T1_1mm.4dfp.ifh read error
Getifh: /usr/local/pkg/nil-tools/bin/MNI152_T1_1mm.4dfp.ifh read error
Thu Dec 27 19:33:22 EST 2012
